[4.142s] Invoking command in '/home/sadiq/shell_ws/src/shell_simulation': PYTHONPATH=/home/sadiq/shell_ws/build/shell_simulation/prefix_override:/usr/lib/python3/dist-packages/colcon_core/task/python/colcon_distutils_commands:/home/sadiq/shell_ws/install/shell_simulation/lib/python3.10/site-packages:${PYTHONPATH} /usr/bin/python3 -W ignore:setup.py install is deprecated -W ignore:easy_install command is deprecated setup.py egg_info --egg-base ../../build/shell_simulation build --build-base /home/sadiq/shell_ws/build/shell_simulation/build install --record /home/sadiq/shell_ws/build/shell_simulation/install.log --single-version-externally-managed install_data
[4.914s] running egg_info
[4.916s] creating ../../build/shell_simulation/shell_simulation.egg-info
[4.916s] writing ../../build/shell_simulation/shell_simulation.egg-info/PKG-INFO
[4.917s] writing dependency_links to ../../build/shell_simulation/shell_simulation.egg-info/dependency_links.txt
[4.917s] writing entry points to ../../build/shell_simulation/shell_simulation.egg-info/entry_points.txt
[4.918s] writing requirements to ../../build/shell_simulation/shell_simulation.egg-info/requires.txt
[4.918s] writing top-level names to ../../build/shell_simulation/shell_simulation.egg-info/top_level.txt
[4.919s] writing manifest file '../../build/shell_simulation/shell_simulation.egg-info/SOURCES.txt'
[4.923s] reading manifest file '../../build/shell_simulation/shell_simulation.egg-info/SOURCES.txt'
[4.925s] writing manifest file '../../build/shell_simulation/shell_simulation.egg-info/SOURCES.txt'
[4.925s] running build
[4.926s] running build_py
[4.926s] creating /home/sadiq/shell_ws/build/shell_simulation/build
[4.927s] creating /home/sadiq/shell_ws/build/shell_simulation/build/lib
[4.927s] creating /home/sadiq/shell_ws/build/shell_simulation/build/lib/shell_simulation
[4.927s] copying shell_simulation/__init__.py -> /home/sadiq/shell_ws/build/shell_simulation/build/lib/shell_simulation
[4.928s] running install
[4.928s] running install_lib
[4.930s] creating /home/sadiq/shell_ws/install/shell_simulation/lib/python3.10/site-packages/shell_simulation
[4.930s] copying /home/sadiq/shell_ws/build/shell_simulation/build/lib/shell_simulation/__init__.py -> /home/sadiq/shell_ws/install/shell_simulation/lib/python3.10/site-packages/shell_simulation
[4.933s] byte-compiling /home/sadiq/shell_ws/install/shell_simulation/lib/python3.10/site-packages/shell_simulation/__init__.py to __init__.cpython-310.pyc
[4.934s] running install_data
[4.934s] creating /home/sadiq/shell_ws/install/shell_simulation/share/ament_index
[4.934s] creating /home/sadiq/shell_ws/install/shell_simulation/share/ament_index/resource_index
[4.935s] creating /home/sadiq/shell_ws/install/shell_simulation/share/ament_index/resource_index/packages
[4.935s] copying resource/shell_simulation -> /home/sadiq/shell_ws/install/shell_simulation/share/ament_index/resource_index/packages
[4.935s] copying package.xml -> /home/sadiq/shell_ws/install/shell_simulation/share/shell_simulation
[4.936s] running install_egg_info
[4.939s] Copying ../../build/shell_simulation/shell_simulation.egg-info to /home/sadiq/shell_ws/install/shell_simulation/lib/python3.10/site-packages/shell_simulation-0.0.0-py3.10.egg-info
[4.941s] running install_scripts
[4.991s] writing list of installed files to '/home/sadiq/shell_ws/build/shell_simulation/install.log'
[5.052s] Invoked command in '/home/sadiq/shell_ws/src/shell_simulation' returned '0': PYTHONPATH=/home/sadiq/shell_ws/build/shell_simulation/prefix_override:/usr/lib/python3/dist-packages/colcon_core/task/python/colcon_distutils_commands:/home/sadiq/shell_ws/install/shell_simulation/lib/python3.10/site-packages:${PYTHONPATH} /usr/bin/python3 -W ignore:setup.py install is deprecated -W ignore:easy_install command is deprecated setup.py egg_info --egg-base ../../build/shell_simulation build --build-base /home/sadiq/shell_ws/build/shell_simulation/build install --record /home/sadiq/shell_ws/build/shell_simulation/install.log --single-version-externally-managed install_data
