[1.610s] DEBUG:colcon:Command line arguments: ['/usr/bin/colcon', 'build']
[1.610s] DEBUG:colcon:Parsed command line arguments: Namespace(log_base=None, log_level=None, verb_name='build', build_base='build', install_base='install', merge_install=False, symlink_install=False, test_result_base=None, continue_on_error=False, executor='parallel', parallel_workers=4, event_handlers=None, ignore_user_meta=False, metas=['./colcon.meta'], base_paths=['.'], packages_ignore=None, packages_ignore_regex=None, paths=None, packages_up_to=None, packages_up_to_regex=None, packages_above=None, packages_above_and_dependencies=None, packages_above_depth=None, packages_select_by_dep=None, packages_skip_by_dep=None, packages_skip_up_to=None, packages_select_build_failed=False, packages_skip_build_finished=False, packages_select_test_failures=False, packages_skip_test_passed=False, packages_select=None, packages_skip=None, packages_select_regex=None, packages_skip_regex=None, packages_start=None, packages_end=None, allow_overriding=[], cmake_args=None, cmake_target=None, cmake_target_skip_unavailable=False, cmake_clean_cache=False, cmake_clean_first=False, cmake_force_configure=False, ament_cmake_args=None, catkin_cmake_args=None, catkin_skip_building_tests=False, mixin_files=None, mixin=None, verb_parser=<colcon_mixin.mixin.mixin_argument.MixinArgumentDecorator object at 0x7148d8b6dea0>, verb_extension=<colcon_core.verb.build.BuildVerb object at 0x7148d8c76e30>, main=<bound method BuildVerb.main of <colcon_core.verb.build.BuildVerb object at 0x7148d8c76e30>>, mixin_verb=('build',))
[8.973s] Level 1:colcon.colcon_core.package_discovery:discover_packages(colcon_meta) check parameters
[8.974s] Level 1:colcon.colcon_core.package_discovery:discover_packages(recursive) check parameters
[8.974s] Level 1:colcon.colcon_core.package_discovery:discover_packages(ignore) check parameters
[8.975s] Level 1:colcon.colcon_core.package_discovery:discover_packages(path) check parameters
[8.975s] Level 1:colcon.colcon_core.package_discovery:discover_packages(colcon_meta) discover
[8.976s] Level 1:colcon.colcon_core.package_discovery:discover_packages(recursive) discover
[8.976s] INFO:colcon.colcon_core.package_discovery:Crawling recursively for packages in '/home/sadiq/shell_ws'
[8.977s] Level 1:colcon.colcon_core.package_identification:_identify(.) by extensions ['ignore', 'ignore_ament_install']
[8.977s] Level 1:colcon.colcon_core.package_identification:_identify(.) by extension 'ignore'
[8.978s] Level 1:colcon.colcon_core.package_identification:_identify(.) by extension 'ignore_ament_install'
[8.978s] Level 1:colcon.colcon_core.package_identification:_identify(.) by extensions ['colcon_pkg']
[8.979s] Level 1:colcon.colcon_core.package_identification:_identify(.) by extension 'colcon_pkg'
[8.979s] Level 1:colcon.colcon_core.package_identification:_identify(.) by extensions ['colcon_meta']
[8.979s] Level 1:colcon.colcon_core.package_identification:_identify(.) by extension 'colcon_meta'
[8.980s] Level 1:colcon.colcon_core.package_identification:_identify(.) by extensions ['ros']
[8.980s] Level 1:colcon.colcon_core.package_identification:_identify(.) by extension 'ros'
[9.037s] Level 1:colcon.colcon_core.package_identification:_identify(.) by extensions ['cmake', 'python']
[9.037s] Level 1:colcon.colcon_core.package_identification:_identify(.) by extension 'cmake'
[9.037s] Level 1:colcon.colcon_core.package_identification:_identify(.) by extension 'python'
[9.037s] Level 1:colcon.colcon_core.package_identification:_identify(.) by extensions ['python_setup_py']
[9.038s] Level 1:colcon.colcon_core.package_identification:_identify(.) by extension 'python_setup_py'
[9.038s] Level 1:colcon.colcon_core.package_identification:_identify(build) by extensions ['ignore', 'ignore_ament_install']
[9.039s] Level 1:colcon.colcon_core.package_identification:_identify(build) by extension 'ignore'
[9.039s] Level 1:colcon.colcon_core.package_identification:_identify(build) ignored
[9.039s] Level 1:colcon.colcon_core.package_identification:_identify(install) by extensions ['ignore', 'ignore_ament_install']
[9.040s] Level 1:colcon.colcon_core.package_identification:_identify(install) by extension 'ignore'
[9.040s] Level 1:colcon.colcon_core.package_identification:_identify(install) ignored
[9.040s] Level 1:colcon.colcon_core.package_identification:_identify(log) by extensions ['ignore', 'ignore_ament_install']
[9.041s] Level 1:colcon.colcon_core.package_identification:_identify(log) by extension 'ignore'
[9.041s] Level 1:colcon.colcon_core.package_identification:_identify(log) ignored
[9.041s] Level 1:colcon.colcon_core.package_identification:_identify(src) by extensions ['ignore', 'ignore_ament_install']
[9.042s] Level 1:colcon.colcon_core.package_identification:_identify(src) by extension 'ignore'
[9.042s] Level 1:colcon.colcon_core.package_identification:_identify(src) by extension 'ignore_ament_install'
[9.042s] Level 1:colcon.colcon_core.package_identification:_identify(src) by extensions ['colcon_pkg']
[9.043s] Level 1:colcon.colcon_core.package_identification:_identify(src) by extension 'colcon_pkg'
[9.043s] Level 1:colcon.colcon_core.package_identification:_identify(src) by extensions ['colcon_meta']
[9.043s] Level 1:colcon.colcon_core.package_identification:_identify(src) by extension 'colcon_meta'
[9.043s] Level 1:colcon.colcon_core.package_identification:_identify(src) by extensions ['ros']
[9.043s] Level 1:colcon.colcon_core.package_identification:_identify(src) by extension 'ros'
[9.044s] Level 1:colcon.colcon_core.package_identification:_identify(src) by extensions ['cmake', 'python']
[9.044s] Level 1:colcon.colcon_core.package_identification:_identify(src) by extension 'cmake'
[9.044s] Level 1:colcon.colcon_core.package_identification:_identify(src) by extension 'python'
[9.044s] Level 1:colcon.colcon_core.package_identification:_identify(src) by extensions ['python_setup_py']
[9.045s] Level 1:colcon.colcon_core.package_identification:_identify(src) by extension 'python_setup_py'
[9.045s] Level 1:colcon.colcon_core.package_identification:_identify(src/shell_simulation) by extensions ['ignore', 'ignore_ament_install']
[9.045s] Level 1:colcon.colcon_core.package_identification:_identify(src/shell_simulation) by extension 'ignore'
[9.046s] Level 1:colcon.colcon_core.package_identification:_identify(src/shell_simulation) by extension 'ignore_ament_install'
[9.046s] Level 1:colcon.colcon_core.package_identification:_identify(src/shell_simulation) by extensions ['colcon_pkg']
[9.046s] Level 1:colcon.colcon_core.package_identification:_identify(src/shell_simulation) by extension 'colcon_pkg'
[9.046s] Level 1:colcon.colcon_core.package_identification:_identify(src/shell_simulation) by extensions ['colcon_meta']
[9.047s] Level 1:colcon.colcon_core.package_identification:_identify(src/shell_simulation) by extension 'colcon_meta'
[9.047s] Level 1:colcon.colcon_core.package_identification:_identify(src/shell_simulation) by extensions ['ros']
[9.047s] Level 1:colcon.colcon_core.package_identification:_identify(src/shell_simulation) by extension 'ros'
[9.089s] DEBUG:colcon.colcon_core.package_identification:Package 'src/shell_simulation' with type 'ros.ament_python' and name 'shell_simulation'
[9.089s] Level 1:colcon.colcon_core.package_discovery:discover_packages(recursive) using defaults
[9.089s] Level 1:colcon.colcon_core.package_discovery:discover_packages(ignore) discover
[9.089s] Level 1:colcon.colcon_core.package_discovery:discover_packages(ignore) using defaults
[9.090s] Level 1:colcon.colcon_core.package_discovery:discover_packages(path) discover
[9.090s] Level 1:colcon.colcon_core.package_discovery:discover_packages(path) using defaults
[9.513s] Level 1:colcon.colcon_core.package_discovery:discover_packages(prefix_path) check parameters
[9.513s] Level 1:colcon.colcon_core.package_discovery:discover_packages(prefix_path) discover
[9.612s] DEBUG:colcon.colcon_installed_package_information.package_discovery:Found 1 installed packages in /home/sadiq/test_ws/install
[9.623s] DEBUG:colcon.colcon_installed_package_information.package_discovery:Found 2 installed packages in /home/sadiq/ros2_ws/install
[9.632s] DEBUG:colcon.colcon_installed_package_information.package_discovery:Found 271 installed packages in /opt/ros/humble
[9.641s] Level 1:colcon.colcon_core.package_discovery:discover_packages(prefix_path) using defaults
[10.009s] Level 5:colcon.colcon_core.verb:set package 'shell_simulation' build argument 'cmake_args' from command line to 'None'
[10.010s] Level 5:colcon.colcon_core.verb:set package 'shell_simulation' build argument 'cmake_target' from command line to 'None'
[10.010s] Level 5:colcon.colcon_core.verb:set package 'shell_simulation' build argument 'cmake_target_skip_unavailable' from command line to 'False'
[10.010s] Level 5:colcon.colcon_core.verb:set package 'shell_simulation' build argument 'cmake_clean_cache' from command line to 'False'
[10.010s] Level 5:colcon.colcon_core.verb:set package 'shell_simulation' build argument 'cmake_clean_first' from command line to 'False'
[10.010s] Level 5:colcon.colcon_core.verb:set package 'shell_simulation' build argument 'cmake_force_configure' from command line to 'False'
[10.010s] Level 5:colcon.colcon_core.verb:set package 'shell_simulation' build argument 'ament_cmake_args' from command line to 'None'
[10.010s] Level 5:colcon.colcon_core.verb:set package 'shell_simulation' build argument 'catkin_cmake_args' from command line to 'None'
[10.010s] Level 5:colcon.colcon_core.verb:set package 'shell_simulation' build argument 'catkin_skip_building_tests' from command line to 'False'
[10.010s] DEBUG:colcon.colcon_core.verb:Building package 'shell_simulation' with the following arguments: {'ament_cmake_args': None, 'build_base': '/home/sadiq/shell_ws/build/shell_simulation', 'catkin_cmake_args': None, 'catkin_skip_building_tests': False, 'cmake_args': None, 'cmake_clean_cache': False, 'cmake_clean_first': False, 'cmake_force_configure': False, 'cmake_target': None, 'cmake_target_skip_unavailable': False, 'install_base': '/home/sadiq/shell_ws/install/shell_simulation', 'merge_install': False, 'path': '/home/sadiq/shell_ws/src/shell_simulation', 'symlink_install': False, 'test_result_base': None}
[10.011s] INFO:colcon.colcon_core.executor:Executing jobs using 'parallel' executor
[10.013s] DEBUG:colcon.colcon_parallel_executor.executor.parallel:run_until_complete
[10.014s] INFO:colcon.colcon_ros.task.ament_python.build:Building ROS package in '/home/sadiq/shell_ws/src/shell_simulation' with build type 'ament_python'
[10.015s] Level 1:colcon.colcon_core.shell:create_environment_hook('shell_simulation', 'ament_prefix_path')
[10.085s] INFO:colcon.colcon_core.plugin_system:Skipping extension 'colcon_core.shell.bat': Not used on non-Windows systems
[10.085s] INFO:colcon.colcon_core.shell:Creating environment hook '/home/sadiq/shell_ws/install/shell_simulation/share/shell_simulation/hook/ament_prefix_path.ps1'
[10.091s] INFO:colcon.colcon_core.shell:Creating environment descriptor '/home/sadiq/shell_ws/install/shell_simulation/share/shell_simulation/hook/ament_prefix_path.dsv'
[10.116s] INFO:colcon.colcon_core.shell:Creating environment hook '/home/sadiq/shell_ws/install/shell_simulation/share/shell_simulation/hook/ament_prefix_path.sh'
[10.122s] INFO:colcon.colcon_core.shell:Skip shell extension 'powershell' for command environment: Not usable outside of PowerShell
[10.123s] DEBUG:colcon.colcon_core.shell:Skip shell extension 'dsv' for command environment
[11.264s] INFO:colcon.colcon_core.task.python.build:Building Python package in '/home/sadiq/shell_ws/src/shell_simulation'
[11.266s] INFO:colcon.colcon_core.shell:Skip shell extension 'powershell' for command environment: Not usable outside of PowerShell
[11.266s] DEBUG:colcon.colcon_core.shell:Skip shell extension 'dsv' for command environment
[13.103s] DEBUG:colcon.colcon_core.event_handler.log_command:Invoking command in '/home/sadiq/shell_ws/src/shell_simulation': PYTHONPATH=/home/sadiq/shell_ws/build/shell_simulation/prefix_override:/usr/lib/python3/dist-packages/colcon_core/task/python/colcon_distutils_commands:/home/sadiq/shell_ws/install/shell_simulation/lib/python3.10/site-packages:${PYTHONPATH} /usr/bin/python3 -W ignore:setup.py install is deprecated -W ignore:easy_install command is deprecated setup.py egg_info --egg-base ../../build/shell_simulation build --build-base /home/sadiq/shell_ws/build/shell_simulation/build install --record /home/sadiq/shell_ws/build/shell_simulation/install.log --single-version-externally-managed install_data
[14.194s] DEBUG:colcon.colcon_core.event_handler.log_command:Invoked command in '/home/sadiq/shell_ws/src/shell_simulation' returned '0': PYTHONPATH=/home/sadiq/shell_ws/build/shell_simulation/prefix_override:/usr/lib/python3/dist-packages/colcon_core/task/python/colcon_distutils_commands:/home/sadiq/shell_ws/install/shell_simulation/lib/python3.10/site-packages:${PYTHONPATH} /usr/bin/python3 -W ignore:setup.py install is deprecated -W ignore:easy_install command is deprecated setup.py egg_info --egg-base ../../build/shell_simulation build --build-base /home/sadiq/shell_ws/build/shell_simulation/build install --record /home/sadiq/shell_ws/build/shell_simulation/install.log --single-version-externally-managed install_data
[14.245s] Level 1:colcon.colcon_core.environment:checking '/home/sadiq/shell_ws/install/shell_simulation' for CMake module files
[14.247s] Level 1:colcon.colcon_core.environment:checking '/home/sadiq/shell_ws/install/shell_simulation' for CMake config files
[14.249s] Level 1:colcon.colcon_core.environment:checking '/home/sadiq/shell_ws/install/shell_simulation/lib'
[14.250s] Level 1:colcon.colcon_core.environment:checking '/home/sadiq/shell_ws/install/shell_simulation/bin'
[14.250s] Level 1:colcon.colcon_core.environment:checking '/home/sadiq/shell_ws/install/shell_simulation/lib/pkgconfig/shell_simulation.pc'
[14.251s] Level 1:colcon.colcon_core.environment:checking '/home/sadiq/shell_ws/install/shell_simulation/lib/python3.10/site-packages'
[14.251s] Level 1:colcon.colcon_core.shell:create_environment_hook('shell_simulation', 'pythonpath')
[14.252s] INFO:colcon.colcon_core.shell:Creating environment hook '/home/sadiq/shell_ws/install/shell_simulation/share/shell_simulation/hook/pythonpath.ps1'
[14.254s] INFO:colcon.colcon_core.shell:Creating environment descriptor '/home/sadiq/shell_ws/install/shell_simulation/share/shell_simulation/hook/pythonpath.dsv'
[14.255s] INFO:colcon.colcon_core.shell:Creating environment hook '/home/sadiq/shell_ws/install/shell_simulation/share/shell_simulation/hook/pythonpath.sh'
[14.258s] Level 1:colcon.colcon_core.environment:checking '/home/sadiq/shell_ws/install/shell_simulation/bin'
[14.258s] Level 1:colcon.colcon_core.environment:create_environment_scripts_only(shell_simulation)
[14.260s] INFO:colcon.colcon_core.shell:Creating package script '/home/sadiq/shell_ws/install/shell_simulation/share/shell_simulation/package.ps1'
[14.303s] INFO:colcon.colcon_core.shell:Creating package descriptor '/home/sadiq/shell_ws/install/shell_simulation/share/shell_simulation/package.dsv'
[14.328s] INFO:colcon.colcon_core.shell:Creating package script '/home/sadiq/shell_ws/install/shell_simulation/share/shell_simulation/package.sh'
[14.331s] INFO:colcon.colcon_core.shell:Creating package script '/home/sadiq/shell_ws/install/shell_simulation/share/shell_simulation/package.bash'
[14.372s] INFO:colcon.colcon_core.shell:Creating package script '/home/sadiq/shell_ws/install/shell_simulation/share/shell_simulation/package.zsh'
[14.427s] Level 1:colcon.colcon_core.environment:create_file_with_runtime_dependencies(/home/sadiq/shell_ws/install/shell_simulation/share/colcon-core/packages/shell_simulation)
[14.428s] DEBUG:colcon.colcon_parallel_executor.executor.parallel:closing loop
[14.430s] DEBUG:colcon.colcon_parallel_executor.executor.parallel:loop closed
[14.430s] DEBUG:colcon.colcon_parallel_executor.executor.parallel:run_until_complete finished with '0'
[14.431s] DEBUG:colcon.colcon_core.event_reactor:joining thread
[14.503s] INFO:colcon.colcon_core.plugin_system:Skipping extension 'colcon_notification.desktop_notification.notify_send': Could not find 'notify-send'
[14.503s] INFO:colcon.colcon_core.plugin_system:Skipping extension 'colcon_notification.desktop_notification.terminal_notifier': Not used on non-Darwin systems
[14.505s] INFO:colcon.colcon_core.plugin_system:Skipping extension 'colcon_notification.desktop_notification.win32': Not used on non-Windows systems
[14.505s] INFO:colcon.colcon_notification.desktop_notification:Sending desktop notification using 'notify2'
[14.556s] DEBUG:colcon.colcon_core.event_reactor:joined thread
[14.557s] INFO:colcon.colcon_core.shell:Creating prefix script '/home/sadiq/shell_ws/install/local_setup.ps1'
[14.568s] INFO:colcon.colcon_core.shell:Creating prefix util module '/home/sadiq/shell_ws/install/_local_setup_util_ps1.py'
[14.603s] INFO:colcon.colcon_core.shell:Creating prefix chain script '/home/sadiq/shell_ws/install/setup.ps1'
[14.638s] INFO:colcon.colcon_core.shell:Creating prefix script '/home/sadiq/shell_ws/install/local_setup.sh'
[14.665s] INFO:colcon.colcon_core.shell:Creating prefix util module '/home/sadiq/shell_ws/install/_local_setup_util_sh.py'
[14.667s] INFO:colcon.colcon_core.shell:Creating prefix chain script '/home/sadiq/shell_ws/install/setup.sh'
[14.685s] INFO:colcon.colcon_core.shell:Creating prefix script '/home/sadiq/shell_ws/install/local_setup.bash'
[14.740s] INFO:colcon.colcon_core.shell:Creating prefix chain script '/home/sadiq/shell_ws/install/setup.bash'
[14.746s] INFO:colcon.colcon_core.shell:Creating prefix script '/home/sadiq/shell_ws/install/local_setup.zsh'
[14.748s] INFO:colcon.colcon_core.shell:Creating prefix chain script '/home/sadiq/shell_ws/install/setup.zsh'
